<?xml version="1.0" encoding="UTF-8"?>
<!-- Generated by org.testng.reporters.JUnitReportReporter -->
<testsuite hostname="DESKTOP-9U5B2F8" failures="0" tests="7" name="TestCases.RevenueCalculatorTest" time="3.333" errors="0" timestamp="2024-11-25T01:12:48 IST" skipped="0">
  <testcase classname="TestCases.RevenueCalculatorTest" name="Verify_WebPage" time="0.038"/>
  <system-out/>
  <testcase classname="TestCases.RevenueCalculatorTest" name="NavigateToRevenueCalculatorPage" time="0.061"/>
  <system-out/>
  <testcase classname="TestCases.RevenueCalculatorTest" name="ScrollToSlider" time="0.572"/>
  <system-out/>
  <testcase classname="TestCases.RevenueCalculatorTest" name="Verify_TextBox" time="2.109"/>
  <system-out/>
  <testcase classname="TestCases.RevenueCalculatorTest" name="clickCheckBoxes" time="0.476"/>
  <system-out/>
  <testcase classname="TestCases.RevenueCalculatorTest" name="Verify_TotalRecurring" time="0.059"/>
  <system-out/>
  <testcase classname="TestCases.RevenueCalculatorTest" name="Verify_Header" time="0.018"/>
  <system-out/>
</testsuite> <!-- TestCases.RevenueCalculatorTest -->
