<?xml version="1.0" encoding="UTF-8"?>
<!-- Generated by org.testng.reporters.JUnitReportReporter -->
<testsuite hostname="DESKTOP-9U5B2F8" failures="0" tests="7" name="TestCases.RevenueCalculatorTest" time="3.611" errors="0" timestamp="2024-11-25T01:08:02 IST" skipped="0">
  <testcase classname="TestCases.RevenueCalculatorTest" name="Verify_WebPage" time="0.041"/>
  <system-out/>
  <testcase classname="TestCases.RevenueCalculatorTest" name="NavigateToRevenueCalculatorPage" time="0.070"/>
  <system-out/>
  <testcase classname="TestCases.RevenueCalculatorTest" name="ScrollToSlider" time="0.810"/>
  <system-out/>
  <testcase classname="TestCases.RevenueCalculatorTest" name="Verify_TextBox" time="2.092"/>
  <system-out/>
  <testcase classname="TestCases.RevenueCalculatorTest" name="clickCheckBoxes" time="0.507"/>
  <system-out/>
  <testcase classname="TestCases.RevenueCalculatorTest" name="Verify_TotalRecurring" time="0.074"/>
  <system-out/>
  <testcase classname="TestCases.RevenueCalculatorTest" name="Verify_Header" time="0.017"/>
  <system-out/>
</testsuite> <!-- TestCases.RevenueCalculatorTest -->
