<?xml version="1.0" encoding="UTF-8"?>
<!-- Generated by org.testng.reporters.JUnitReportReporter -->
<testsuite hostname="DESKTOP-9U5B2F8" failures="0" tests="2" name="TestBase.BaseClass" time="4.424" errors="0" timestamp="2024-11-23T13:02:31 IST" skipped="0">
  <testcase classname="TestBase.BaseClass" name="teardown" time="0.117"/>
  <system-out/>
  <testcase classname="TestBase.BaseClass" name="Setup" time="4.307"/>
  <system-out/>
</testsuite> <!-- TestBase.BaseClass -->
